<?xml version="1.0" encoding="UTF-8"?>
<!-- Generated by org.testng.reporters.JUnitReportReporter -->
<testsuite hostname="DESKTOP-JGL1PCA" failures="0" tests="1" name="demoproject.sumValidation" time="2.574" errors="0" timestamp="2022-04-29T11:40:12 IST" skipped="0">
  <testcase classname="demoproject.sumValidation" name="sumofAllcourse" time="2.574"/>
  <system-out/>
</testsuite> <!-- demoproject.sumValidation -->
