<?xml version="1.0" encoding="UTF-8"?>
<!-- Generated by org.testng.reporters.JUnitReportReporter -->
<testsuite hostname="DESKTOP-JGL1PCA" failures="0" tests="3" name="demoproject.DynamicJson" time="3.177" errors="0" timestamp="2022-05-05T09:39:12 IST" skipped="0">
  <testcase classname="demoproject.DynamicJson" name="add_book" time="0.098"/>
  <system-out/>
  <testcase classname="demoproject.DynamicJson" name="add_book" time="0.106"/>
  <system-out/>
  <testcase classname="demoproject.DynamicJson" name="add_book" time="2.973"/>
  <system-out/>
</testsuite> <!-- demoproject.DynamicJson -->
